Connecting to database specified by database.yml
Connecting to database specified by database.yml
Connecting to database specified by database.yml
Connecting to database specified by database.yml
  [1m[36m (0.1ms)[0m  [1mselect sqlite_version(*)[0m
  [1m[35m (1.1ms)[0m  CREATE TABLE "schema_migrations" ("version" varchar(255) NOT NULL) 
  [1m[36m (0.8ms)[0m  [1mCREATE UNIQUE INDEX "unique_schema_migrations" ON "schema_migrations" ("version")[0m
  [1m[35m (0.1ms)[0m  SELECT "schema_migrations"."version" FROM "schema_migrations" 
Migrating to CreateProperties (20130911194819)
  [1m[36m (0.0ms)[0m  [1mbegin transaction[0m
  [1m[35m (0.3ms)[0m  CREATE TABLE "properties" ("id" INTEGER PRIMARY KEY AUTOINCREMENT NOT NULL, "name" varchar(255), "address" varchar(255), "district" varchar(255), "city" varchar(255), "zip_code" integer, "bmr_units" integer, "phone_number" varchar(255), "website_address" varchar(255), "created_at" datetime NOT NULL, "updated_at" datetime NOT NULL) 
  [1m[36m (0.1ms)[0m  [1mINSERT INTO "schema_migrations" ("version") VALUES ('20130911194819')[0m
  [1m[35m (0.7ms)[0m  commit transaction
Migrating to CreateManagers (20130911194831)
  [1m[36m (0.0ms)[0m  [1mbegin transaction[0m
  [1m[35m (0.2ms)[0m  CREATE TABLE "managers" ("id" INTEGER PRIMARY KEY AUTOINCREMENT NOT NULL, "name" varchar(255), "address" varchar(255), "phone" varchar(255), "email" varchar(255), "created_at" datetime NOT NULL, "updated_at" datetime NOT NULL) 
  [1m[36m (0.1ms)[0m  [1mINSERT INTO "schema_migrations" ("version") VALUES ('20130911194831')[0m
  [1m[35m (0.7ms)[0m  commit transaction
Migrating to CreateWaitlists (20130911194839)
  [1m[36m (0.0ms)[0m  [1mbegin transaction[0m
  [1m[35m (0.2ms)[0m  CREATE TABLE "waitlists" ("id" INTEGER PRIMARY KEY AUTOINCREMENT NOT NULL, "publication_date" datetime, "property_id" integer) 
  [1m[36m (0.1ms)[0m  [1mINSERT INTO "schema_migrations" ("version") VALUES ('20130911194839')[0m
  [1m[35m (0.6ms)[0m  commit transaction
  [1m[36m (0.1ms)[0m  [1mSELECT "schema_migrations"."version" FROM "schema_migrations" [0m


Started GET "/assets/rails.png" for 127.0.0.1 at 2013-09-11 13:05:46 -0700
Connecting to database specified by database.yml

ActiveRecord::ConnectionNotEstablished (ActiveRecord::ConnectionNotEstablished):
  /Users/dmitri/.rbenv/versions/1.9.3-p0/lib/ruby/gems/1.9.1/bundler/gems/rails-cff8d1d24da1/activerecord/lib/active_record/connection_adapters/abstract/connection_pool.rb:410:in `retrieve_connection'
  /Users/dmitri/.rbenv/versions/1.9.3-p0/lib/ruby/gems/1.9.1/bundler/gems/rails-cff8d1d24da1/activerecord/lib/active_record/connection_adapters/abstract/connection_specification.rb:171:in `retrieve_connection'
  /Users/dmitri/.rbenv/versions/1.9.3-p0/lib/ruby/gems/1.9.1/bundler/gems/rails-cff8d1d24da1/activerecord/lib/active_record/connection_adapters/abstract/connection_specification.rb:145:in `connection'
  /Users/dmitri/.rbenv/versions/1.9.3-p0/lib/ruby/gems/1.9.1/bundler/gems/rails-cff8d1d24da1/activerecord/lib/active_record/query_cache.rb:67:in `rescue in call'
  /Users/dmitri/.rbenv/versions/1.9.3-p0/lib/ruby/gems/1.9.1/bundler/gems/rails-cff8d1d24da1/activerecord/lib/active_record/query_cache.rb:61:in `call'
  /Users/dmitri/.rbenv/versions/1.9.3-p0/lib/ruby/gems/1.9.1/bundler/gems/rails-cff8d1d24da1/activerecord/lib/active_record/connection_adapters/abstract/connection_pool.rb:479:in `call'
  /Users/dmitri/.rbenv/versions/1.9.3-p0/lib/ruby/gems/1.9.1/bundler/gems/rails-cff8d1d24da1/actionpack/lib/action_dispatch/middleware/callbacks.rb:28:in `block in call'
  /Users/dmitri/.rbenv/versions/1.9.3-p0/lib/ruby/gems/1.9.1/bundler/gems/rails-cff8d1d24da1/activesupport/lib/active_support/callbacks.rb:405:in `_run__3855000725185623971__call__3579326978012268527__callbacks'
  /Users/dmitri/.rbenv/versions/1.9.3-p0/lib/ruby/gems/1.9.1/bundler/gems/rails-cff8d1d24da1/activesupport/lib/active_support/callbacks.rb:405:in `__run_callback'
  /Users/dmitri/.rbenv/versions/1.9.3-p0/lib/ruby/gems/1.9.1/bundler/gems/rails-cff8d1d24da1/activesupport/lib/active_support/callbacks.rb:385:in `_run_call_callbacks'
  /Users/dmitri/.rbenv/versions/1.9.3-p0/lib/ruby/gems/1.9.1/bundler/gems/rails-cff8d1d24da1/activesupport/lib/active_support/callbacks.rb:81:in `run_callbacks'
  /Users/dmitri/.rbenv/versions/1.9.3-p0/lib/ruby/gems/1.9.1/bundler/gems/rails-cff8d1d24da1/actionpack/lib/action_dispatch/middleware/callbacks.rb:27:in `call'
  /Users/dmitri/.rbenv/versions/1.9.3-p0/lib/ruby/gems/1.9.1/bundler/gems/rails-cff8d1d24da1/actionpack/lib/action_dispatch/middleware/reloader.rb:65:in `call'
  /Users/dmitri/.rbenv/versions/1.9.3-p0/lib/ruby/gems/1.9.1/bundler/gems/rails-cff8d1d24da1/actionpack/lib/action_dispatch/middleware/remote_ip.rb:31:in `call'
  /Users/dmitri/.rbenv/versions/1.9.3-p0/lib/ruby/gems/1.9.1/bundler/gems/rails-cff8d1d24da1/actionpack/lib/action_dispatch/middleware/debug_exceptions.rb:16:in `call'
  /Users/dmitri/.rbenv/versions/1.9.3-p0/lib/ruby/gems/1.9.1/bundler/gems/rails-cff8d1d24da1/actionpack/lib/action_dispatch/middleware/show_exceptions.rb:56:in `call'
  /Users/dmitri/.rbenv/versions/1.9.3-p0/lib/ruby/gems/1.9.1/bundler/gems/rails-cff8d1d24da1/railties/lib/rails/rack/logger.rb:32:in `call_app'
  /Users/dmitri/.rbenv/versions/1.9.3-p0/lib/ruby/gems/1.9.1/bundler/gems/rails-cff8d1d24da1/railties/lib/rails/rack/logger.rb:16:in `block in call'
  /Users/dmitri/.rbenv/versions/1.9.3-p0/lib/ruby/gems/1.9.1/bundler/gems/rails-cff8d1d24da1/activesupport/lib/active_support/tagged_logging.rb:22:in `tagged'
  /Users/dmitri/.rbenv/versions/1.9.3-p0/lib/ruby/gems/1.9.1/bundler/gems/rails-cff8d1d24da1/railties/lib/rails/rack/logger.rb:16:in `call'
  /Users/dmitri/.rbenv/versions/1.9.3-p0/lib/ruby/gems/1.9.1/bundler/gems/rails-cff8d1d24da1/actionpack/lib/action_dispatch/middleware/request_id.rb:22:in `call'
  rack (1.4.5) lib/rack/methodoverride.rb:21:in `call'
  rack (1.4.5) lib/rack/runtime.rb:17:in `call'
  /Users/dmitri/.rbenv/versions/1.9.3-p0/lib/ruby/gems/1.9.1/bundler/gems/rails-cff8d1d24da1/activesupport/lib/active_support/cache/strategy/local_cache.rb:72:in `call'
  rack (1.4.5) lib/rack/lock.rb:15:in `call'
  /Users/dmitri/.rbenv/versions/1.9.3-p0/lib/ruby/gems/1.9.1/bundler/gems/rails-cff8d1d24da1/actionpack/lib/action_dispatch/middleware/static.rb:63:in `call'
  /Users/dmitri/.rbenv/versions/1.9.3-p0/lib/ruby/gems/1.9.1/bundler/gems/rails-cff8d1d24da1/railties/lib/rails/engine.rb:484:in `call'
  /Users/dmitri/.rbenv/versions/1.9.3-p0/lib/ruby/gems/1.9.1/bundler/gems/rails-cff8d1d24da1/railties/lib/rails/application.rb:231:in `call'
  /Users/dmitri/.rbenv/versions/1.9.3-p0/lib/ruby/gems/1.9.1/bundler/gems/rails-cff8d1d24da1/railties/lib/rails/railtie/configurable.rb:30:in `method_missing'
  rack (1.4.5) lib/rack/lint.rb:48:in `_call'
  rack (1.4.5) lib/rack/lint.rb:36:in `call'
  rack (1.4.5) lib/rack/showexceptions.rb:24:in `call'
  rack (1.4.5) lib/rack/commonlogger.rb:33:in `call'
  rack (1.4.5) lib/rack/chunked.rb:43:in `call'
  rack (1.4.5) lib/rack/content_length.rb:14:in `call'
  unicorn (4.6.3) lib/unicorn/http_server.rb:552:in `process_client'
  unicorn (4.6.3) lib/unicorn/http_server.rb:632:in `worker_loop'
  unicorn (4.6.3) lib/unicorn/http_server.rb:500:in `spawn_missing_workers'
  unicorn (4.6.3) lib/unicorn/http_server.rb:142:in `start'
  unicorn (4.6.3) bin/unicorn:126:in `<top (required)>'
  /Users/dmitri/.rbenv/versions/1.9.3-p0/bin/unicorn:19:in `load'
  /Users/dmitri/.rbenv/versions/1.9.3-p0/bin/unicorn:19:in `<main>'


  Rendered /Users/dmitri/.rbenv/versions/1.9.3-p0/lib/ruby/gems/1.9.1/bundler/gems/rails-cff8d1d24da1/actionpack/lib/action_dispatch/middleware/templates/rescues/_trace.erb (1.0ms)
  Rendered /Users/dmitri/.rbenv/versions/1.9.3-p0/lib/ruby/gems/1.9.1/bundler/gems/rails-cff8d1d24da1/actionpack/lib/action_dispatch/middleware/templates/rescues/_request_and_response.erb (2.0ms)
  Rendered /Users/dmitri/.rbenv/versions/1.9.3-p0/lib/ruby/gems/1.9.1/bundler/gems/rails-cff8d1d24da1/actionpack/lib/action_dispatch/middleware/templates/rescues/diagnostics.erb within rescues/layout (11.9ms)


Started GET "/assets/rails.png" for 127.0.0.1 at 2013-09-11 13:05:46 -0700

ActiveRecord::ConnectionNotEstablished (ActiveRecord::ConnectionNotEstablished):
  /Users/dmitri/.rbenv/versions/1.9.3-p0/lib/ruby/gems/1.9.1/bundler/gems/rails-cff8d1d24da1/activerecord/lib/active_record/connection_adapters/abstract/connection_pool.rb:410:in `retrieve_connection'
  /Users/dmitri/.rbenv/versions/1.9.3-p0/lib/ruby/gems/1.9.1/bundler/gems/rails-cff8d1d24da1/activerecord/lib/active_record/connection_adapters/abstract/connection_specification.rb:171:in `retrieve_connection'
  /Users/dmitri/.rbenv/versions/1.9.3-p0/lib/ruby/gems/1.9.1/bundler/gems/rails-cff8d1d24da1/activerecord/lib/active_record/connection_adapters/abstract/connection_specification.rb:145:in `connection'
  /Users/dmitri/.rbenv/versions/1.9.3-p0/lib/ruby/gems/1.9.1/bundler/gems/rails-cff8d1d24da1/activerecord/lib/active_record/query_cache.rb:67:in `rescue in call'
  /Users/dmitri/.rbenv/versions/1.9.3-p0/lib/ruby/gems/1.9.1/bundler/gems/rails-cff8d1d24da1/activerecord/lib/active_record/query_cache.rb:61:in `call'
  /Users/dmitri/.rbenv/versions/1.9.3-p0/lib/ruby/gems/1.9.1/bundler/gems/rails-cff8d1d24da1/activerecord/lib/active_record/connection_adapters/abstract/connection_pool.rb:479:in `call'
  /Users/dmitri/.rbenv/versions/1.9.3-p0/lib/ruby/gems/1.9.1/bundler/gems/rails-cff8d1d24da1/actionpack/lib/action_dispatch/middleware/callbacks.rb:28:in `block in call'
  /Users/dmitri/.rbenv/versions/1.9.3-p0/lib/ruby/gems/1.9.1/bundler/gems/rails-cff8d1d24da1/activesupport/lib/active_support/callbacks.rb:405:in `_run__3855000725185623971__call__3579326978012268527__callbacks'
  /Users/dmitri/.rbenv/versions/1.9.3-p0/lib/ruby/gems/1.9.1/bundler/gems/rails-cff8d1d24da1/activesupport/lib/active_support/callbacks.rb:405:in `__run_callback'
  /Users/dmitri/.rbenv/versions/1.9.3-p0/lib/ruby/gems/1.9.1/bundler/gems/rails-cff8d1d24da1/activesupport/lib/active_support/callbacks.rb:385:in `_run_call_callbacks'
  /Users/dmitri/.rbenv/versions/1.9.3-p0/lib/ruby/gems/1.9.1/bundler/gems/rails-cff8d1d24da1/activesupport/lib/active_support/callbacks.rb:81:in `run_callbacks'
  /Users/dmitri/.rbenv/versions/1.9.3-p0/lib/ruby/gems/1.9.1/bundler/gems/rails-cff8d1d24da1/actionpack/lib/action_dispatch/middleware/callbacks.rb:27:in `call'
  /Users/dmitri/.rbenv/versions/1.9.3-p0/lib/ruby/gems/1.9.1/bundler/gems/rails-cff8d1d24da1/actionpack/lib/action_dispatch/middleware/reloader.rb:65:in `call'
  /Users/dmitri/.rbenv/versions/1.9.3-p0/lib/ruby/gems/1.9.1/bundler/gems/rails-cff8d1d24da1/actionpack/lib/action_dispatch/middleware/remote_ip.rb:31:in `call'
  /Users/dmitri/.rbenv/versions/1.9.3-p0/lib/ruby/gems/1.9.1/bundler/gems/rails-cff8d1d24da1/actionpack/lib/action_dispatch/middleware/debug_exceptions.rb:16:in `call'
  /Users/dmitri/.rbenv/versions/1.9.3-p0/lib/ruby/gems/1.9.1/bundler/gems/rails-cff8d1d24da1/actionpack/lib/action_dispatch/middleware/show_exceptions.rb:56:in `call'
  /Users/dmitri/.rbenv/versions/1.9.3-p0/lib/ruby/gems/1.9.1/bundler/gems/rails-cff8d1d24da1/railties/lib/rails/rack/logger.rb:32:in `call_app'
  /Users/dmitri/.rbenv/versions/1.9.3-p0/lib/ruby/gems/1.9.1/bundler/gems/rails-cff8d1d24da1/railties/lib/rails/rack/logger.rb:16:in `block in call'
  /Users/dmitri/.rbenv/versions/1.9.3-p0/lib/ruby/gems/1.9.1/bundler/gems/rails-cff8d1d24da1/activesupport/lib/active_support/tagged_logging.rb:22:in `tagged'
  /Users/dmitri/.rbenv/versions/1.9.3-p0/lib/ruby/gems/1.9.1/bundler/gems/rails-cff8d1d24da1/railties/lib/rails/rack/logger.rb:16:in `call'
  /Users/dmitri/.rbenv/versions/1.9.3-p0/lib/ruby/gems/1.9.1/bundler/gems/rails-cff8d1d24da1/actionpack/lib/action_dispatch/middleware/request_id.rb:22:in `call'
  rack (1.4.5) lib/rack/methodoverride.rb:21:in `call'
  rack (1.4.5) lib/rack/runtime.rb:17:in `call'
  /Users/dmitri/.rbenv/versions/1.9.3-p0/lib/ruby/gems/1.9.1/bundler/gems/rails-cff8d1d24da1/activesupport/lib/active_support/cache/strategy/local_cache.rb:72:in `call'
  rack (1.4.5) lib/rack/lock.rb:15:in `call'
  /Users/dmitri/.rbenv/versions/1.9.3-p0/lib/ruby/gems/1.9.1/bundler/gems/rails-cff8d1d24da1/actionpack/lib/action_dispatch/middleware/static.rb:63:in `call'
  /Users/dmitri/.rbenv/versions/1.9.3-p0/lib/ruby/gems/1.9.1/bundler/gems/rails-cff8d1d24da1/railties/lib/rails/engine.rb:484:in `call'
  /Users/dmitri/.rbenv/versions/1.9.3-p0/lib/ruby/gems/1.9.1/bundler/gems/rails-cff8d1d24da1/railties/lib/rails/application.rb:231:in `call'
  /Users/dmitri/.rbenv/versions/1.9.3-p0/lib/ruby/gems/1.9.1/bundler/gems/rails-cff8d1d24da1/railties/lib/rails/railtie/configurable.rb:30:in `method_missing'
  rack (1.4.5) lib/rack/lint.rb:48:in `_call'
  rack (1.4.5) lib/rack/lint.rb:36:in `call'
  rack (1.4.5) lib/rack/showexceptions.rb:24:in `call'
  rack (1.4.5) lib/rack/commonlogger.rb:33:in `call'
  rack (1.4.5) lib/rack/chunked.rb:43:in `call'
  rack (1.4.5) lib/rack/content_length.rb:14:in `call'
  unicorn (4.6.3) lib/unicorn/http_server.rb:552:in `process_client'
  unicorn (4.6.3) lib/unicorn/http_server.rb:632:in `worker_loop'
  unicorn (4.6.3) lib/unicorn/http_server.rb:500:in `spawn_missing_workers'
  unicorn (4.6.3) lib/unicorn/http_server.rb:142:in `start'
  unicorn (4.6.3) bin/unicorn:126:in `<top (required)>'
  /Users/dmitri/.rbenv/versions/1.9.3-p0/bin/unicorn:19:in `load'
  /Users/dmitri/.rbenv/versions/1.9.3-p0/bin/unicorn:19:in `<main>'


  Rendered /Users/dmitri/.rbenv/versions/1.9.3-p0/lib/ruby/gems/1.9.1/bundler/gems/rails-cff8d1d24da1/actionpack/lib/action_dispatch/middleware/templates/rescues/_trace.erb (1.4ms)
  Rendered /Users/dmitri/.rbenv/versions/1.9.3-p0/lib/ruby/gems/1.9.1/bundler/gems/rails-cff8d1d24da1/actionpack/lib/action_dispatch/middleware/templates/rescues/_request_and_response.erb (1.5ms)
  Rendered /Users/dmitri/.rbenv/versions/1.9.3-p0/lib/ruby/gems/1.9.1/bundler/gems/rails-cff8d1d24da1/actionpack/lib/action_dispatch/middleware/templates/rescues/diagnostics.erb within rescues/layout (10.0ms)


Started GET "/" for 127.0.0.1 at 2013-09-11 13:06:06 -0700

ActiveRecord::ConnectionNotEstablished (ActiveRecord::ConnectionNotEstablished):
  /Users/dmitri/.rbenv/versions/1.9.3-p0/lib/ruby/gems/1.9.1/bundler/gems/rails-cff8d1d24da1/activerecord/lib/active_record/connection_adapters/abstract/connection_pool.rb:410:in `retrieve_connection'
  /Users/dmitri/.rbenv/versions/1.9.3-p0/lib/ruby/gems/1.9.1/bundler/gems/rails-cff8d1d24da1/activerecord/lib/active_record/connection_adapters/abstract/connection_specification.rb:171:in `retrieve_connection'
  /Users/dmitri/.rbenv/versions/1.9.3-p0/lib/ruby/gems/1.9.1/bundler/gems/rails-cff8d1d24da1/activerecord/lib/active_record/connection_adapters/abstract/connection_specification.rb:145:in `connection'
  /Users/dmitri/.rbenv/versions/1.9.3-p0/lib/ruby/gems/1.9.1/bundler/gems/rails-cff8d1d24da1/activerecord/lib/active_record/query_cache.rb:67:in `rescue in call'
  /Users/dmitri/.rbenv/versions/1.9.3-p0/lib/ruby/gems/1.9.1/bundler/gems/rails-cff8d1d24da1/activerecord/lib/active_record/query_cache.rb:61:in `call'
  /Users/dmitri/.rbenv/versions/1.9.3-p0/lib/ruby/gems/1.9.1/bundler/gems/rails-cff8d1d24da1/activerecord/lib/active_record/connection_adapters/abstract/connection_pool.rb:479:in `call'
  /Users/dmitri/.rbenv/versions/1.9.3-p0/lib/ruby/gems/1.9.1/bundler/gems/rails-cff8d1d24da1/actionpack/lib/action_dispatch/middleware/callbacks.rb:28:in `block in call'
  /Users/dmitri/.rbenv/versions/1.9.3-p0/lib/ruby/gems/1.9.1/bundler/gems/rails-cff8d1d24da1/activesupport/lib/active_support/callbacks.rb:405:in `_run__3855000725185623971__call__3579326978012268527__callbacks'
  /Users/dmitri/.rbenv/versions/1.9.3-p0/lib/ruby/gems/1.9.1/bundler/gems/rails-cff8d1d24da1/activesupport/lib/active_support/callbacks.rb:405:in `__run_callback'
  /Users/dmitri/.rbenv/versions/1.9.3-p0/lib/ruby/gems/1.9.1/bundler/gems/rails-cff8d1d24da1/activesupport/lib/active_support/callbacks.rb:385:in `_run_call_callbacks'
  /Users/dmitri/.rbenv/versions/1.9.3-p0/lib/ruby/gems/1.9.1/bundler/gems/rails-cff8d1d24da1/activesupport/lib/active_support/callbacks.rb:81:in `run_callbacks'
  /Users/dmitri/.rbenv/versions/1.9.3-p0/lib/ruby/gems/1.9.1/bundler/gems/rails-cff8d1d24da1/actionpack/lib/action_dispatch/middleware/callbacks.rb:27:in `call'
  /Users/dmitri/.rbenv/versions/1.9.3-p0/lib/ruby/gems/1.9.1/bundler/gems/rails-cff8d1d24da1/actionpack/lib/action_dispatch/middleware/reloader.rb:65:in `call'
  /Users/dmitri/.rbenv/versions/1.9.3-p0/lib/ruby/gems/1.9.1/bundler/gems/rails-cff8d1d24da1/actionpack/lib/action_dispatch/middleware/remote_ip.rb:31:in `call'
  /Users/dmitri/.rbenv/versions/1.9.3-p0/lib/ruby/gems/1.9.1/bundler/gems/rails-cff8d1d24da1/actionpack/lib/action_dispatch/middleware/debug_exceptions.rb:16:in `call'
  /Users/dmitri/.rbenv/versions/1.9.3-p0/lib/ruby/gems/1.9.1/bundler/gems/rails-cff8d1d24da1/actionpack/lib/action_dispatch/middleware/show_exceptions.rb:56:in `call'
  /Users/dmitri/.rbenv/versions/1.9.3-p0/lib/ruby/gems/1.9.1/bundler/gems/rails-cff8d1d24da1/railties/lib/rails/rack/logger.rb:32:in `call_app'
  /Users/dmitri/.rbenv/versions/1.9.3-p0/lib/ruby/gems/1.9.1/bundler/gems/rails-cff8d1d24da1/railties/lib/rails/rack/logger.rb:16:in `block in call'
  /Users/dmitri/.rbenv/versions/1.9.3-p0/lib/ruby/gems/1.9.1/bundler/gems/rails-cff8d1d24da1/activesupport/lib/active_support/tagged_logging.rb:22:in `tagged'
  /Users/dmitri/.rbenv/versions/1.9.3-p0/lib/ruby/gems/1.9.1/bundler/gems/rails-cff8d1d24da1/railties/lib/rails/rack/logger.rb:16:in `call'
  /Users/dmitri/.rbenv/versions/1.9.3-p0/lib/ruby/gems/1.9.1/bundler/gems/rails-cff8d1d24da1/actionpack/lib/action_dispatch/middleware/request_id.rb:22:in `call'
  rack (1.4.5) lib/rack/methodoverride.rb:21:in `call'
  rack (1.4.5) lib/rack/runtime.rb:17:in `call'
  /Users/dmitri/.rbenv/versions/1.9.3-p0/lib/ruby/gems/1.9.1/bundler/gems/rails-cff8d1d24da1/activesupport/lib/active_support/cache/strategy/local_cache.rb:72:in `call'
  rack (1.4.5) lib/rack/lock.rb:15:in `call'
  /Users/dmitri/.rbenv/versions/1.9.3-p0/lib/ruby/gems/1.9.1/bundler/gems/rails-cff8d1d24da1/actionpack/lib/action_dispatch/middleware/static.rb:63:in `call'
  /Users/dmitri/.rbenv/versions/1.9.3-p0/lib/ruby/gems/1.9.1/bundler/gems/rails-cff8d1d24da1/railties/lib/rails/engine.rb:484:in `call'
  /Users/dmitri/.rbenv/versions/1.9.3-p0/lib/ruby/gems/1.9.1/bundler/gems/rails-cff8d1d24da1/railties/lib/rails/application.rb:231:in `call'
  /Users/dmitri/.rbenv/versions/1.9.3-p0/lib/ruby/gems/1.9.1/bundler/gems/rails-cff8d1d24da1/railties/lib/rails/railtie/configurable.rb:30:in `method_missing'
  rack (1.4.5) lib/rack/lint.rb:48:in `_call'
  rack (1.4.5) lib/rack/lint.rb:36:in `call'
  rack (1.4.5) lib/rack/showexceptions.rb:24:in `call'
  rack (1.4.5) lib/rack/commonlogger.rb:33:in `call'
  rack (1.4.5) lib/rack/chunked.rb:43:in `call'
  rack (1.4.5) lib/rack/content_length.rb:14:in `call'
  unicorn (4.6.3) lib/unicorn/http_server.rb:552:in `process_client'
  unicorn (4.6.3) lib/unicorn/http_server.rb:632:in `worker_loop'
  unicorn (4.6.3) lib/unicorn/http_server.rb:500:in `spawn_missing_workers'
  unicorn (4.6.3) lib/unicorn/http_server.rb:142:in `start'
  unicorn (4.6.3) bin/unicorn:126:in `<top (required)>'
  /Users/dmitri/.rbenv/versions/1.9.3-p0/bin/unicorn:19:in `load'
  /Users/dmitri/.rbenv/versions/1.9.3-p0/bin/unicorn:19:in `<main>'


  Rendered /Users/dmitri/.rbenv/versions/1.9.3-p0/lib/ruby/gems/1.9.1/bundler/gems/rails-cff8d1d24da1/actionpack/lib/action_dispatch/middleware/templates/rescues/_trace.erb (1.1ms)
  Rendered /Users/dmitri/.rbenv/versions/1.9.3-p0/lib/ruby/gems/1.9.1/bundler/gems/rails-cff8d1d24da1/actionpack/lib/action_dispatch/middleware/templates/rescues/_request_and_response.erb (0.7ms)
  Rendered /Users/dmitri/.rbenv/versions/1.9.3-p0/lib/ruby/gems/1.9.1/bundler/gems/rails-cff8d1d24da1/actionpack/lib/action_dispatch/middleware/templates/rescues/diagnostics.erb within rescues/layout (8.3ms)


Started GET "/" for 127.0.0.1 at 2013-09-11 13:06:20 -0700
Connecting to database specified by database.yml

ActiveRecord::ConnectionNotEstablished (ActiveRecord::ConnectionNotEstablished):
  /Users/dmitri/.rbenv/versions/1.9.3-p0/lib/ruby/gems/1.9.1/bundler/gems/rails-cff8d1d24da1/activerecord/lib/active_record/connection_adapters/abstract/connection_pool.rb:410:in `retrieve_connection'
  /Users/dmitri/.rbenv/versions/1.9.3-p0/lib/ruby/gems/1.9.1/bundler/gems/rails-cff8d1d24da1/activerecord/lib/active_record/connection_adapters/abstract/connection_specification.rb:171:in `retrieve_connection'
  /Users/dmitri/.rbenv/versions/1.9.3-p0/lib/ruby/gems/1.9.1/bundler/gems/rails-cff8d1d24da1/activerecord/lib/active_record/connection_adapters/abstract/connection_specification.rb:145:in `connection'
  /Users/dmitri/.rbenv/versions/1.9.3-p0/lib/ruby/gems/1.9.1/bundler/gems/rails-cff8d1d24da1/activerecord/lib/active_record/query_cache.rb:67:in `rescue in call'
  /Users/dmitri/.rbenv/versions/1.9.3-p0/lib/ruby/gems/1.9.1/bundler/gems/rails-cff8d1d24da1/activerecord/lib/active_record/query_cache.rb:61:in `call'
  /Users/dmitri/.rbenv/versions/1.9.3-p0/lib/ruby/gems/1.9.1/bundler/gems/rails-cff8d1d24da1/activerecord/lib/active_record/connection_adapters/abstract/connection_pool.rb:479:in `call'
  /Users/dmitri/.rbenv/versions/1.9.3-p0/lib/ruby/gems/1.9.1/bundler/gems/rails-cff8d1d24da1/actionpack/lib/action_dispatch/middleware/callbacks.rb:28:in `block in call'
  /Users/dmitri/.rbenv/versions/1.9.3-p0/lib/ruby/gems/1.9.1/bundler/gems/rails-cff8d1d24da1/activesupport/lib/active_support/callbacks.rb:405:in `_run__1173184687486917970__call__3984643155769705770__callbacks'
  /Users/dmitri/.rbenv/versions/1.9.3-p0/lib/ruby/gems/1.9.1/bundler/gems/rails-cff8d1d24da1/activesupport/lib/active_support/callbacks.rb:405:in `__run_callback'
  /Users/dmitri/.rbenv/versions/1.9.3-p0/lib/ruby/gems/1.9.1/bundler/gems/rails-cff8d1d24da1/activesupport/lib/active_support/callbacks.rb:385:in `_run_call_callbacks'
  /Users/dmitri/.rbenv/versions/1.9.3-p0/lib/ruby/gems/1.9.1/bundler/gems/rails-cff8d1d24da1/activesupport/lib/active_support/callbacks.rb:81:in `run_callbacks'
  /Users/dmitri/.rbenv/versions/1.9.3-p0/lib/ruby/gems/1.9.1/bundler/gems/rails-cff8d1d24da1/actionpack/lib/action_dispatch/middleware/callbacks.rb:27:in `call'
  /Users/dmitri/.rbenv/versions/1.9.3-p0/lib/ruby/gems/1.9.1/bundler/gems/rails-cff8d1d24da1/actionpack/lib/action_dispatch/middleware/reloader.rb:65:in `call'
  /Users/dmitri/.rbenv/versions/1.9.3-p0/lib/ruby/gems/1.9.1/bundler/gems/rails-cff8d1d24da1/actionpack/lib/action_dispatch/middleware/remote_ip.rb:31:in `call'
  /Users/dmitri/.rbenv/versions/1.9.3-p0/lib/ruby/gems/1.9.1/bundler/gems/rails-cff8d1d24da1/actionpack/lib/action_dispatch/middleware/debug_exceptions.rb:16:in `call'
  /Users/dmitri/.rbenv/versions/1.9.3-p0/lib/ruby/gems/1.9.1/bundler/gems/rails-cff8d1d24da1/actionpack/lib/action_dispatch/middleware/show_exceptions.rb:56:in `call'
  /Users/dmitri/.rbenv/versions/1.9.3-p0/lib/ruby/gems/1.9.1/bundler/gems/rails-cff8d1d24da1/railties/lib/rails/rack/logger.rb:32:in `call_app'
  /Users/dmitri/.rbenv/versions/1.9.3-p0/lib/ruby/gems/1.9.1/bundler/gems/rails-cff8d1d24da1/railties/lib/rails/rack/logger.rb:16:in `block in call'
  /Users/dmitri/.rbenv/versions/1.9.3-p0/lib/ruby/gems/1.9.1/bundler/gems/rails-cff8d1d24da1/activesupport/lib/active_support/tagged_logging.rb:22:in `tagged'
  /Users/dmitri/.rbenv/versions/1.9.3-p0/lib/ruby/gems/1.9.1/bundler/gems/rails-cff8d1d24da1/railties/lib/rails/rack/logger.rb:16:in `call'
  /Users/dmitri/.rbenv/versions/1.9.3-p0/lib/ruby/gems/1.9.1/bundler/gems/rails-cff8d1d24da1/actionpack/lib/action_dispatch/middleware/request_id.rb:22:in `call'
  rack (1.4.5) lib/rack/methodoverride.rb:21:in `call'
  rack (1.4.5) lib/rack/runtime.rb:17:in `call'
  /Users/dmitri/.rbenv/versions/1.9.3-p0/lib/ruby/gems/1.9.1/bundler/gems/rails-cff8d1d24da1/activesupport/lib/active_support/cache/strategy/local_cache.rb:72:in `call'
  rack (1.4.5) lib/rack/lock.rb:15:in `call'
  /Users/dmitri/.rbenv/versions/1.9.3-p0/lib/ruby/gems/1.9.1/bundler/gems/rails-cff8d1d24da1/actionpack/lib/action_dispatch/middleware/static.rb:63:in `call'
  /Users/dmitri/.rbenv/versions/1.9.3-p0/lib/ruby/gems/1.9.1/bundler/gems/rails-cff8d1d24da1/railties/lib/rails/engine.rb:484:in `call'
  /Users/dmitri/.rbenv/versions/1.9.3-p0/lib/ruby/gems/1.9.1/bundler/gems/rails-cff8d1d24da1/railties/lib/rails/application.rb:231:in `call'
  /Users/dmitri/.rbenv/versions/1.9.3-p0/lib/ruby/gems/1.9.1/bundler/gems/rails-cff8d1d24da1/railties/lib/rails/railtie/configurable.rb:30:in `method_missing'
  rack (1.4.5) lib/rack/lint.rb:48:in `_call'
  rack (1.4.5) lib/rack/lint.rb:36:in `call'
  rack (1.4.5) lib/rack/showexceptions.rb:24:in `call'
  rack (1.4.5) lib/rack/commonlogger.rb:33:in `call'
  rack (1.4.5) lib/rack/chunked.rb:43:in `call'
  rack (1.4.5) lib/rack/content_length.rb:14:in `call'
  unicorn (4.6.3) lib/unicorn/http_server.rb:552:in `process_client'
  unicorn (4.6.3) lib/unicorn/http_server.rb:632:in `worker_loop'
  unicorn (4.6.3) lib/unicorn/http_server.rb:500:in `spawn_missing_workers'
  unicorn (4.6.3) lib/unicorn/http_server.rb:142:in `start'
  unicorn (4.6.3) bin/unicorn:126:in `<top (required)>'
  /Users/dmitri/.rbenv/versions/1.9.3-p0/bin/unicorn:19:in `load'
  /Users/dmitri/.rbenv/versions/1.9.3-p0/bin/unicorn:19:in `<main>'


  Rendered /Users/dmitri/.rbenv/versions/1.9.3-p0/lib/ruby/gems/1.9.1/bundler/gems/rails-cff8d1d24da1/actionpack/lib/action_dispatch/middleware/templates/rescues/_trace.erb (0.8ms)
  Rendered /Users/dmitri/.rbenv/versions/1.9.3-p0/lib/ruby/gems/1.9.1/bundler/gems/rails-cff8d1d24da1/actionpack/lib/action_dispatch/middleware/templates/rescues/_request_and_response.erb (1.6ms)
  Rendered /Users/dmitri/.rbenv/versions/1.9.3-p0/lib/ruby/gems/1.9.1/bundler/gems/rails-cff8d1d24da1/actionpack/lib/action_dispatch/middleware/templates/rescues/diagnostics.erb within rescues/layout (8.9ms)


Started GET "/profile" for 127.0.0.1 at 2013-09-11 13:06:23 -0700

ActiveRecord::ConnectionNotEstablished (ActiveRecord::ConnectionNotEstablished):
  /Users/dmitri/.rbenv/versions/1.9.3-p0/lib/ruby/gems/1.9.1/bundler/gems/rails-cff8d1d24da1/activerecord/lib/active_record/connection_adapters/abstract/connection_pool.rb:410:in `retrieve_connection'
  /Users/dmitri/.rbenv/versions/1.9.3-p0/lib/ruby/gems/1.9.1/bundler/gems/rails-cff8d1d24da1/activerecord/lib/active_record/connection_adapters/abstract/connection_specification.rb:171:in `retrieve_connection'
  /Users/dmitri/.rbenv/versions/1.9.3-p0/lib/ruby/gems/1.9.1/bundler/gems/rails-cff8d1d24da1/activerecord/lib/active_record/connection_adapters/abstract/connection_specification.rb:145:in `connection'
  /Users/dmitri/.rbenv/versions/1.9.3-p0/lib/ruby/gems/1.9.1/bundler/gems/rails-cff8d1d24da1/activerecord/lib/active_record/query_cache.rb:67:in `rescue in call'
  /Users/dmitri/.rbenv/versions/1.9.3-p0/lib/ruby/gems/1.9.1/bundler/gems/rails-cff8d1d24da1/activerecord/lib/active_record/query_cache.rb:61:in `call'
  /Users/dmitri/.rbenv/versions/1.9.3-p0/lib/ruby/gems/1.9.1/bundler/gems/rails-cff8d1d24da1/activerecord/lib/active_record/connection_adapters/abstract/connection_pool.rb:479:in `call'
  /Users/dmitri/.rbenv/versions/1.9.3-p0/lib/ruby/gems/1.9.1/bundler/gems/rails-cff8d1d24da1/actionpack/lib/action_dispatch/middleware/callbacks.rb:28:in `block in call'
  /Users/dmitri/.rbenv/versions/1.9.3-p0/lib/ruby/gems/1.9.1/bundler/gems/rails-cff8d1d24da1/activesupport/lib/active_support/callbacks.rb:405:in `_run__1173184687486917970__call__3984643155769705770__callbacks'
  /Users/dmitri/.rbenv/versions/1.9.3-p0/lib/ruby/gems/1.9.1/bundler/gems/rails-cff8d1d24da1/activesupport/lib/active_support/callbacks.rb:405:in `__run_callback'
  /Users/dmitri/.rbenv/versions/1.9.3-p0/lib/ruby/gems/1.9.1/bundler/gems/rails-cff8d1d24da1/activesupport/lib/active_support/callbacks.rb:385:in `_run_call_callbacks'
  /Users/dmitri/.rbenv/versions/1.9.3-p0/lib/ruby/gems/1.9.1/bundler/gems/rails-cff8d1d24da1/activesupport/lib/active_support/callbacks.rb:81:in `run_callbacks'
  /Users/dmitri/.rbenv/versions/1.9.3-p0/lib/ruby/gems/1.9.1/bundler/gems/rails-cff8d1d24da1/actionpack/lib/action_dispatch/middleware/callbacks.rb:27:in `call'
  /Users/dmitri/.rbenv/versions/1.9.3-p0/lib/ruby/gems/1.9.1/bundler/gems/rails-cff8d1d24da1/actionpack/lib/action_dispatch/middleware/reloader.rb:65:in `call'
  /Users/dmitri/.rbenv/versions/1.9.3-p0/lib/ruby/gems/1.9.1/bundler/gems/rails-cff8d1d24da1/actionpack/lib/action_dispatch/middleware/remote_ip.rb:31:in `call'
  /Users/dmitri/.rbenv/versions/1.9.3-p0/lib/ruby/gems/1.9.1/bundler/gems/rails-cff8d1d24da1/actionpack/lib/action_dispatch/middleware/debug_exceptions.rb:16:in `call'
  /Users/dmitri/.rbenv/versions/1.9.3-p0/lib/ruby/gems/1.9.1/bundler/gems/rails-cff8d1d24da1/actionpack/lib/action_dispatch/middleware/show_exceptions.rb:56:in `call'
  /Users/dmitri/.rbenv/versions/1.9.3-p0/lib/ruby/gems/1.9.1/bundler/gems/rails-cff8d1d24da1/railties/lib/rails/rack/logger.rb:32:in `call_app'
  /Users/dmitri/.rbenv/versions/1.9.3-p0/lib/ruby/gems/1.9.1/bundler/gems/rails-cff8d1d24da1/railties/lib/rails/rack/logger.rb:16:in `block in call'
  /Users/dmitri/.rbenv/versions/1.9.3-p0/lib/ruby/gems/1.9.1/bundler/gems/rails-cff8d1d24da1/activesupport/lib/active_support/tagged_logging.rb:22:in `tagged'
  /Users/dmitri/.rbenv/versions/1.9.3-p0/lib/ruby/gems/1.9.1/bundler/gems/rails-cff8d1d24da1/railties/lib/rails/rack/logger.rb:16:in `call'
  /Users/dmitri/.rbenv/versions/1.9.3-p0/lib/ruby/gems/1.9.1/bundler/gems/rails-cff8d1d24da1/actionpack/lib/action_dispatch/middleware/request_id.rb:22:in `call'
  rack (1.4.5) lib/rack/methodoverride.rb:21:in `call'
  rack (1.4.5) lib/rack/runtime.rb:17:in `call'
  /Users/dmitri/.rbenv/versions/1.9.3-p0/lib/ruby/gems/1.9.1/bundler/gems/rails-cff8d1d24da1/activesupport/lib/active_support/cache/strategy/local_cache.rb:72:in `call'
  rack (1.4.5) lib/rack/lock.rb:15:in `call'
  /Users/dmitri/.rbenv/versions/1.9.3-p0/lib/ruby/gems/1.9.1/bundler/gems/rails-cff8d1d24da1/actionpack/lib/action_dispatch/middleware/static.rb:63:in `call'
  /Users/dmitri/.rbenv/versions/1.9.3-p0/lib/ruby/gems/1.9.1/bundler/gems/rails-cff8d1d24da1/railties/lib/rails/engine.rb:484:in `call'
  /Users/dmitri/.rbenv/versions/1.9.3-p0/lib/ruby/gems/1.9.1/bundler/gems/rails-cff8d1d24da1/railties/lib/rails/application.rb:231:in `call'
  /Users/dmitri/.rbenv/versions/1.9.3-p0/lib/ruby/gems/1.9.1/bundler/gems/rails-cff8d1d24da1/railties/lib/rails/railtie/configurable.rb:30:in `method_missing'
  rack (1.4.5) lib/rack/lint.rb:48:in `_call'
  rack (1.4.5) lib/rack/lint.rb:36:in `call'
  rack (1.4.5) lib/rack/showexceptions.rb:24:in `call'
  rack (1.4.5) lib/rack/commonlogger.rb:33:in `call'
  rack (1.4.5) lib/rack/chunked.rb:43:in `call'
  rack (1.4.5) lib/rack/content_length.rb:14:in `call'
  unicorn (4.6.3) lib/unicorn/http_server.rb:552:in `process_client'
  unicorn (4.6.3) lib/unicorn/http_server.rb:632:in `worker_loop'
  unicorn (4.6.3) lib/unicorn/http_server.rb:500:in `spawn_missing_workers'
  unicorn (4.6.3) lib/unicorn/http_server.rb:142:in `start'
  unicorn (4.6.3) bin/unicorn:126:in `<top (required)>'
  /Users/dmitri/.rbenv/versions/1.9.3-p0/bin/unicorn:19:in `load'
  /Users/dmitri/.rbenv/versions/1.9.3-p0/bin/unicorn:19:in `<main>'


  Rendered /Users/dmitri/.rbenv/versions/1.9.3-p0/lib/ruby/gems/1.9.1/bundler/gems/rails-cff8d1d24da1/actionpack/lib/action_dispatch/middleware/templates/rescues/_trace.erb (1.6ms)
  Rendered /Users/dmitri/.rbenv/versions/1.9.3-p0/lib/ruby/gems/1.9.1/bundler/gems/rails-cff8d1d24da1/actionpack/lib/action_dispatch/middleware/templates/rescues/_request_and_response.erb (0.9ms)
  Rendered /Users/dmitri/.rbenv/versions/1.9.3-p0/lib/ruby/gems/1.9.1/bundler/gems/rails-cff8d1d24da1/actionpack/lib/action_dispatch/middleware/templates/rescues/diagnostics.erb within rescues/layout (8.8ms)


Started GET "/properties" for 127.0.0.1 at 2013-09-11 13:06:24 -0700

ActiveRecord::ConnectionNotEstablished (ActiveRecord::ConnectionNotEstablished):
  /Users/dmitri/.rbenv/versions/1.9.3-p0/lib/ruby/gems/1.9.1/bundler/gems/rails-cff8d1d24da1/activerecord/lib/active_record/connection_adapters/abstract/connection_pool.rb:410:in `retrieve_connection'
  /Users/dmitri/.rbenv/versions/1.9.3-p0/lib/ruby/gems/1.9.1/bundler/gems/rails-cff8d1d24da1/activerecord/lib/active_record/connection_adapters/abstract/connection_specification.rb:171:in `retrieve_connection'
  /Users/dmitri/.rbenv/versions/1.9.3-p0/lib/ruby/gems/1.9.1/bundler/gems/rails-cff8d1d24da1/activerecord/lib/active_record/connection_adapters/abstract/connection_specification.rb:145:in `connection'
  /Users/dmitri/.rbenv/versions/1.9.3-p0/lib/ruby/gems/1.9.1/bundler/gems/rails-cff8d1d24da1/activerecord/lib/active_record/query_cache.rb:67:in `rescue in call'
  /Users/dmitri/.rbenv/versions/1.9.3-p0/lib/ruby/gems/1.9.1/bundler/gems/rails-cff8d1d24da1/activerecord/lib/active_record/query_cache.rb:61:in `call'
  /Users/dmitri/.rbenv/versions/1.9.3-p0/lib/ruby/gems/1.9.1/bundler/gems/rails-cff8d1d24da1/activerecord/lib/active_record/connection_adapters/abstract/connection_pool.rb:479:in `call'
  /Users/dmitri/.rbenv/versions/1.9.3-p0/lib/ruby/gems/1.9.1/bundler/gems/rails-cff8d1d24da1/actionpack/lib/action_dispatch/middleware/callbacks.rb:28:in `block in call'
  /Users/dmitri/.rbenv/versions/1.9.3-p0/lib/ruby/gems/1.9.1/bundler/gems/rails-cff8d1d24da1/activesupport/lib/active_support/callbacks.rb:405:in `_run__1173184687486917970__call__3984643155769705770__callbacks'
  /Users/dmitri/.rbenv/versions/1.9.3-p0/lib/ruby/gems/1.9.1/bundler/gems/rails-cff8d1d24da1/activesupport/lib/active_support/callbacks.rb:405:in `__run_callback'
  /Users/dmitri/.rbenv/versions/1.9.3-p0/lib/ruby/gems/1.9.1/bundler/gems/rails-cff8d1d24da1/activesupport/lib/active_support/callbacks.rb:385:in `_run_call_callbacks'
  /Users/dmitri/.rbenv/versions/1.9.3-p0/lib/ruby/gems/1.9.1/bundler/gems/rails-cff8d1d24da1/activesupport/lib/active_support/callbacks.rb:81:in `run_callbacks'
  /Users/dmitri/.rbenv/versions/1.9.3-p0/lib/ruby/gems/1.9.1/bundler/gems/rails-cff8d1d24da1/actionpack/lib/action_dispatch/middleware/callbacks.rb:27:in `call'
  /Users/dmitri/.rbenv/versions/1.9.3-p0/lib/ruby/gems/1.9.1/bundler/gems/rails-cff8d1d24da1/actionpack/lib/action_dispatch/middleware/reloader.rb:65:in `call'
  /Users/dmitri/.rbenv/versions/1.9.3-p0/lib/ruby/gems/1.9.1/bundler/gems/rails-cff8d1d24da1/actionpack/lib/action_dispatch/middleware/remote_ip.rb:31:in `call'
  /Users/dmitri/.rbenv/versions/1.9.3-p0/lib/ruby/gems/1.9.1/bundler/gems/rails-cff8d1d24da1/actionpack/lib/action_dispatch/middleware/debug_exceptions.rb:16:in `call'
  /Users/dmitri/.rbenv/versions/1.9.3-p0/lib/ruby/gems/1.9.1/bundler/gems/rails-cff8d1d24da1/actionpack/lib/action_dispatch/middleware/show_exceptions.rb:56:in `call'
  /Users/dmitri/.rbenv/versions/1.9.3-p0/lib/ruby/gems/1.9.1/bundler/gems/rails-cff8d1d24da1/railties/lib/rails/rack/logger.rb:32:in `call_app'
  /Users/dmitri/.rbenv/versions/1.9.3-p0/lib/ruby/gems/1.9.1/bundler/gems/rails-cff8d1d24da1/railties/lib/rails/rack/logger.rb:16:in `block in call'
  /Users/dmitri/.rbenv/versions/1.9.3-p0/lib/ruby/gems/1.9.1/bundler/gems/rails-cff8d1d24da1/activesupport/lib/active_support/tagged_logging.rb:22:in `tagged'
  /Users/dmitri/.rbenv/versions/1.9.3-p0/lib/ruby/gems/1.9.1/bundler/gems/rails-cff8d1d24da1/railties/lib/rails/rack/logger.rb:16:in `call'
  /Users/dmitri/.rbenv/versions/1.9.3-p0/lib/ruby/gems/1.9.1/bundler/gems/rails-cff8d1d24da1/actionpack/lib/action_dispatch/middleware/request_id.rb:22:in `call'
  rack (1.4.5) lib/rack/methodoverride.rb:21:in `call'
  rack (1.4.5) lib/rack/runtime.rb:17:in `call'
  /Users/dmitri/.rbenv/versions/1.9.3-p0/lib/ruby/gems/1.9.1/bundler/gems/rails-cff8d1d24da1/activesupport/lib/active_support/cache/strategy/local_cache.rb:72:in `call'
  rack (1.4.5) lib/rack/lock.rb:15:in `call'
  /Users/dmitri/.rbenv/versions/1.9.3-p0/lib/ruby/gems/1.9.1/bundler/gems/rails-cff8d1d24da1/actionpack/lib/action_dispatch/middleware/static.rb:63:in `call'
  /Users/dmitri/.rbenv/versions/1.9.3-p0/lib/ruby/gems/1.9.1/bundler/gems/rails-cff8d1d24da1/railties/lib/rails/engine.rb:484:in `call'
  /Users/dmitri/.rbenv/versions/1.9.3-p0/lib/ruby/gems/1.9.1/bundler/gems/rails-cff8d1d24da1/railties/lib/rails/application.rb:231:in `call'
  /Users/dmitri/.rbenv/versions/1.9.3-p0/lib/ruby/gems/1.9.1/bundler/gems/rails-cff8d1d24da1/railties/lib/rails/railtie/configurable.rb:30:in `method_missing'
  rack (1.4.5) lib/rack/lint.rb:48:in `_call'
  rack (1.4.5) lib/rack/lint.rb:36:in `call'
  rack (1.4.5) lib/rack/showexceptions.rb:24:in `call'
  rack (1.4.5) lib/rack/commonlogger.rb:33:in `call'
  rack (1.4.5) lib/rack/chunked.rb:43:in `call'
  rack (1.4.5) lib/rack/content_length.rb:14:in `call'
  unicorn (4.6.3) lib/unicorn/http_server.rb:552:in `process_client'
  unicorn (4.6.3) lib/unicorn/http_server.rb:632:in `worker_loop'
  unicorn (4.6.3) lib/unicorn/http_server.rb:500:in `spawn_missing_workers'
  unicorn (4.6.3) lib/unicorn/http_server.rb:142:in `start'
  unicorn (4.6.3) bin/unicorn:126:in `<top (required)>'
  /Users/dmitri/.rbenv/versions/1.9.3-p0/bin/unicorn:19:in `load'
  /Users/dmitri/.rbenv/versions/1.9.3-p0/bin/unicorn:19:in `<main>'


  Rendered /Users/dmitri/.rbenv/versions/1.9.3-p0/lib/ruby/gems/1.9.1/bundler/gems/rails-cff8d1d24da1/actionpack/lib/action_dispatch/middleware/templates/rescues/_trace.erb (1.1ms)
  Rendered /Users/dmitri/.rbenv/versions/1.9.3-p0/lib/ruby/gems/1.9.1/bundler/gems/rails-cff8d1d24da1/actionpack/lib/action_dispatch/middleware/templates/rescues/_request_and_response.erb (0.8ms)
  Rendered /Users/dmitri/.rbenv/versions/1.9.3-p0/lib/ruby/gems/1.9.1/bundler/gems/rails-cff8d1d24da1/actionpack/lib/action_dispatch/middleware/templates/rescues/diagnostics.erb within rescues/layout (7.8ms)
Connecting to database specified by database.yml


Started GET "/properties" for 127.0.0.1 at 2013-09-11 13:07:51 -0700
Connecting to database specified by database.yml
Processing by PropertiesController#index as HTML
  [1m[36mProperty Load (0.1ms)[0m  [1mSELECT "properties".* FROM "properties" [0m
Completed 406 Not Acceptable in 32ms (ActiveRecord: 1.4ms)


Started GET "/properties" for 127.0.0.1 at 2013-09-11 13:08:00 -0700
Processing by PropertiesController#index as HTML
  [1m[35mProperty Load (0.1ms)[0m  SELECT "properties".* FROM "properties" 
Completed 406 Not Acceptable in 1ms (ActiveRecord: 0.1ms)


Started GET "/properties" for 127.0.0.1 at 2013-09-11 13:08:14 -0700
Processing by PropertiesController#index as HTML
  [1m[36mProperty Load (0.1ms)[0m  [1mSELECT "properties".* FROM "properties" [0m
Completed 406 Not Acceptable in 2ms (ActiveRecord: 0.5ms)


Started GET "/properties.json" for 127.0.0.1 at 2013-09-11 13:08:22 -0700
Processing by PropertiesController#index as JSON
  [1m[35mProperty Load (0.2ms)[0m  SELECT "properties".* FROM "properties" 
Completed 200 OK in 1ms (Views: 0.1ms | ActiveRecord: 0.2ms)


Started GET "/properties" for 127.0.0.1 at 2013-09-11 13:08:28 -0700
Processing by PropertiesController#index as HTML
  [1m[36mProperty Load (0.2ms)[0m  [1mSELECT "properties".* FROM "properties" [0m
Completed 406 Not Acceptable in 1ms (ActiveRecord: 0.2ms)


Started GET "/properties" for 127.0.0.1 at 2013-09-11 13:08:39 -0700
Processing by PropertiesController#index as HTML
  [1m[35mProperty Load (0.1ms)[0m  SELECT "properties".* FROM "properties" 
Completed 200 OK in 2ms (Views: 0.1ms | ActiveRecord: 0.5ms)


Started GET "/properties.json" for 127.0.0.1 at 2013-09-11 13:08:44 -0700
Processing by PropertiesController#index as JSON
  [1m[36mProperty Load (0.1ms)[0m  [1mSELECT "properties".* FROM "properties" [0m
Completed 200 OK in 1ms (Views: 0.1ms | ActiveRecord: 0.1ms)
Connecting to database specified by database.yml
  [1m[36m (0.1ms)[0m  [1mSELECT "schema_migrations"."version" FROM "schema_migrations" [0m
  [1m[35m (0.1ms)[0m  SELECT "schema_migrations"."version" FROM "schema_migrations" 
Migrating to CreateWaitlists (20130911194839)
  [1m[36m (0.1ms)[0m  [1mselect sqlite_version(*)[0m
  [1m[35m (0.0ms)[0m  begin transaction
  [1m[36m (0.3ms)[0m  [1mDROP TABLE "waitlists"[0m
  [1m[35m (0.1ms)[0m  DELETE FROM "schema_migrations" WHERE "schema_migrations"."version" = '20130911194839'
  [1m[36m (2.3ms)[0m  [1mcommit transaction[0m
Migrating to CreateManagers (20130911194831)
  [1m[35m (0.0ms)[0m  begin transaction
  [1m[36m (0.3ms)[0m  [1mDROP TABLE "managers"[0m
  [1m[35m (0.1ms)[0m  DELETE FROM "schema_migrations" WHERE "schema_migrations"."version" = '20130911194831'
  [1m[36m (0.8ms)[0m  [1mcommit transaction[0m
Migrating to CreateProperties (20130911194819)
  [1m[35m (0.0ms)[0m  begin transaction
  [1m[36m (0.2ms)[0m  [1mDROP TABLE "properties"[0m
  [1m[35m (0.1ms)[0m  DELETE FROM "schema_migrations" WHERE "schema_migrations"."version" = '20130911194819'
  [1m[36m (0.7ms)[0m  [1mcommit transaction[0m
  [1m[35m (0.1ms)[0m  SELECT "schema_migrations"."version" FROM "schema_migrations" 
Connecting to database specified by database.yml
  [1m[36m (0.1ms)[0m  [1mSELECT "schema_migrations"."version" FROM "schema_migrations" [0m
Migrating to CreateProperties (20130911194819)
  [1m[35m (0.0ms)[0m  select sqlite_version(*)
  [1m[36m (0.0ms)[0m  [1mbegin transaction[0m
  [1m[35m (0.4ms)[0m  CREATE TABLE "properties" ("id" INTEGER PRIMARY KEY AUTOINCREMENT NOT NULL, "name" varchar(255), "address" varchar(255), "district" varchar(255), "city" varchar(255), "zip_code" varchar(255), "bmr_units" integer, "phone_number" varchar(255), "website_address" varchar(255), "created_at" datetime NOT NULL, "updated_at" datetime NOT NULL) 
  [1m[36m (0.1ms)[0m  [1mINSERT INTO "schema_migrations" ("version") VALUES ('20130911194819')[0m
  [1m[35m (2.3ms)[0m  commit transaction
Migrating to CreateManagers (20130911194831)
  [1m[36m (0.0ms)[0m  [1mbegin transaction[0m
  [1m[35m (0.3ms)[0m  CREATE TABLE "managers" ("id" INTEGER PRIMARY KEY AUTOINCREMENT NOT NULL, "name" varchar(255), "address" varchar(255), "phone" varchar(255), "email" varchar(255), "created_at" datetime NOT NULL, "updated_at" datetime NOT NULL) 
  [1m[36m (0.1ms)[0m  [1mINSERT INTO "schema_migrations" ("version") VALUES ('20130911194831')[0m
  [1m[35m (0.8ms)[0m  commit transaction
Migrating to CreateWaitlists (20130911194839)
  [1m[36m (0.0ms)[0m  [1mbegin transaction[0m
  [1m[35m (0.2ms)[0m  CREATE TABLE "waitlists" ("id" INTEGER PRIMARY KEY AUTOINCREMENT NOT NULL, "publication_date" datetime, "property_id" integer) 
  [1m[36m (0.1ms)[0m  [1mINSERT INTO "schema_migrations" ("version") VALUES ('20130911194839')[0m
  [1m[35m (0.6ms)[0m  commit transaction
  [1m[36m (0.1ms)[0m  [1mSELECT "schema_migrations"."version" FROM "schema_migrations" [0m
Connecting to database specified by database.yml
  [1m[36m (0.1ms)[0m  [1mSELECT "schema_migrations"."version" FROM "schema_migrations" [0m
  [1m[35m (0.1ms)[0m  SELECT "schema_migrations"."version" FROM "schema_migrations" 
Migrating to CreateWaitlists (20130911194839)
  [1m[36m (0.0ms)[0m  [1mselect sqlite_version(*)[0m
  [1m[35m (0.0ms)[0m  begin transaction
  [1m[36m (0.3ms)[0m  [1mDROP TABLE "waitlists"[0m
  [1m[35m (0.1ms)[0m  DELETE FROM "schema_migrations" WHERE "schema_migrations"."version" = '20130911194839'
  [1m[36m (2.1ms)[0m  [1mcommit transaction[0m
Migrating to CreateManagers (20130911194831)
  [1m[35m (0.1ms)[0m  begin transaction
  [1m[36m (0.3ms)[0m  [1mDROP TABLE "managers"[0m
  [1m[35m (0.1ms)[0m  DELETE FROM "schema_migrations" WHERE "schema_migrations"."version" = '20130911194831'
  [1m[36m (0.5ms)[0m  [1mcommit transaction[0m
Migrating to CreateProperties (20130911194819)
  [1m[35m (0.0ms)[0m  begin transaction
  [1m[36m (0.2ms)[0m  [1mDROP TABLE "properties"[0m
  [1m[35m (0.1ms)[0m  DELETE FROM "schema_migrations" WHERE "schema_migrations"."version" = '20130911194819'
  [1m[36m (0.8ms)[0m  [1mcommit transaction[0m
  [1m[35m (0.1ms)[0m  SELECT "schema_migrations"."version" FROM "schema_migrations" 
Connecting to database specified by database.yml
  [1m[36m (0.1ms)[0m  [1mSELECT "schema_migrations"."version" FROM "schema_migrations" [0m
Migrating to CreateProperties (20130911194819)
  [1m[35m (0.0ms)[0m  select sqlite_version(*)
  [1m[36m (0.0ms)[0m  [1mbegin transaction[0m
  [1m[35m (0.4ms)[0m  CREATE TABLE "properties" ("id" INTEGER PRIMARY KEY AUTOINCREMENT NOT NULL, "name" varchar(255), "address" varchar(255), "district" varchar(255), "city" varchar(255), "zip_code" varchar(255), "bmr_units" integer, "phone_number" varchar(255), "website_address" varchar(255), "created_at" datetime NOT NULL, "updated_at" datetime NOT NULL) 
  [1m[36m (0.1ms)[0m  [1mINSERT INTO "schema_migrations" ("version") VALUES ('20130911194819')[0m
  [1m[35m (1.1ms)[0m  commit transaction
Migrating to CreateManagers (20130911194831)
  [1m[36m (0.0ms)[0m  [1mbegin transaction[0m
  [1m[35m (0.3ms)[0m  CREATE TABLE "managers" ("id" INTEGER PRIMARY KEY AUTOINCREMENT NOT NULL, "name" varchar(255), "address" varchar(255), "phone" varchar(255), "email" varchar(255), "created_at" datetime NOT NULL, "updated_at" datetime NOT NULL) 
  [1m[36m (0.1ms)[0m  [1mINSERT INTO "schema_migrations" ("version") VALUES ('20130911194831')[0m
  [1m[35m (0.4ms)[0m  commit transaction
Migrating to CreateWaitlists (20130911194839)
  [1m[36m (0.0ms)[0m  [1mbegin transaction[0m
  [1m[35m (0.2ms)[0m  CREATE TABLE "waitlists" ("id" INTEGER PRIMARY KEY AUTOINCREMENT NOT NULL, "publication_date" datetime, "property_id" integer, "created_at" datetime NOT NULL, "updated_at" datetime NOT NULL) 
  [1m[36m (0.1ms)[0m  [1mINSERT INTO "schema_migrations" ("version") VALUES ('20130911194839')[0m
  [1m[35m (0.5ms)[0m  commit transaction
  [1m[36m (0.1ms)[0m  [1mSELECT "schema_migrations"."version" FROM "schema_migrations" [0m
Connecting to database specified by database.yml
  [1m[36m (0.1ms)[0m  [1mSELECT "schema_migrations"."version" FROM "schema_migrations" [0m
  [1m[35mProperty Load (0.1ms)[0m  SELECT "properties".* FROM "properties" WHERE "properties"."name" = 'All Hallows Apartments' LIMIT 1
  [1m[36m (0.0ms)[0m  [1mbegin transaction[0m
  [1m[35mSQL (19.6ms)[0m  INSERT INTO "properties" ("address", "bmr_units", "city", "created_at", "district", "name", "phone_number", "updated_at", "website_address", "zip_code") VALUES (?, ?, ?, ?, ?, ?, ?, ?, ?, ?)  [["address", "65 Navy Road"], ["bmr_units", 157], ["city", "San Francisco"], ["created_at", Wed, 11 Sep 2013 20:14:38 UTC +00:00], ["district", "Bayview"], ["name", "All Hallows Apartments"], ["phone_number", "6478439"], ["updated_at", Wed, 11 Sep 2013 20:14:38 UTC +00:00], ["website_address", "http://www.aimco.com/"], ["zip_code", "94124"]]
  [1m[36m (0.5ms)[0m  [1mcommit transaction[0m


Started GET "/properties.json" for 127.0.0.1 at 2013-09-11 13:14:51 -0700
Connecting to database specified by database.yml
Processing by PropertiesController#index as JSON
  [1m[36mProperty Load (0.1ms)[0m  [1mSELECT "properties".* FROM "properties" [0m
Completed 200 OK in 22ms (Views: 1.5ms | ActiveRecord: 1.4ms)


Started GET "/properties" for 127.0.0.1 at 2013-09-11 13:14:55 -0700
Processing by PropertiesController#index as HTML
  [1m[35mProperty Load (0.2ms)[0m  SELECT "properties".* FROM "properties" 
Completed 200 OK in 2ms (Views: 0.7ms | ActiveRecord: 0.2ms)


Started GET "/properties" for 127.0.0.1 at 2013-09-11 13:16:06 -0700
Processing by PropertiesController#index as HTML
  [1m[36mProperty Load (0.1ms)[0m  [1mSELECT "properties".* FROM "properties" [0m
Completed 200 OK in 1ms (Views: 0.6ms | ActiveRecord: 0.1ms)


Started GET "/properties" for 127.0.0.1 at 2013-09-11 13:16:06 -0700
Processing by PropertiesController#index as HTML
  [1m[35mProperty Load (0.2ms)[0m  SELECT "properties".* FROM "properties" 
Completed 200 OK in 2ms (Views: 0.9ms | ActiveRecord: 0.2ms)


Started GET "/properties" for 127.0.0.1 at 2013-09-11 13:16:10 -0700
Processing by PropertiesController#index as */*
  [1m[36mProperty Load (0.2ms)[0m  [1mSELECT "properties".* FROM "properties" [0m
Completed 200 OK in 1ms (Views: 0.6ms | ActiveRecord: 0.2ms)


Started GET "/properties.json" for 127.0.0.1 at 2013-09-11 13:16:37 -0700
Processing by PropertiesController#index as JSON
  [1m[35mProperty Load (0.2ms)[0m  SELECT "properties".* FROM "properties" 
Completed 200 OK in 1ms (Views: 0.7ms | ActiveRecord: 0.2ms)


Started GET "/waitlists.json" for 127.0.0.1 at 2013-09-11 13:17:11 -0700

ActionController::RoutingError (No route matches [GET] "/waitlists.json"):
  /Users/dmitri/.rbenv/versions/1.9.3-p0/lib/ruby/gems/1.9.1/bundler/gems/rails-cff8d1d24da1/actionpack/lib/action_dispatch/middleware/debug_exceptions.rb:21:in `call'
  /Users/dmitri/.rbenv/versions/1.9.3-p0/lib/ruby/gems/1.9.1/bundler/gems/rails-cff8d1d24da1/actionpack/lib/action_dispatch/middleware/show_exceptions.rb:56:in `call'
  /Users/dmitri/.rbenv/versions/1.9.3-p0/lib/ruby/gems/1.9.1/bundler/gems/rails-cff8d1d24da1/railties/lib/rails/rack/logger.rb:32:in `call_app'
  /Users/dmitri/.rbenv/versions/1.9.3-p0/lib/ruby/gems/1.9.1/bundler/gems/rails-cff8d1d24da1/railties/lib/rails/rack/logger.rb:16:in `block in call'
  /Users/dmitri/.rbenv/versions/1.9.3-p0/lib/ruby/gems/1.9.1/bundler/gems/rails-cff8d1d24da1/activesupport/lib/active_support/tagged_logging.rb:22:in `tagged'
  /Users/dmitri/.rbenv/versions/1.9.3-p0/lib/ruby/gems/1.9.1/bundler/gems/rails-cff8d1d24da1/railties/lib/rails/rack/logger.rb:16:in `call'
  /Users/dmitri/.rbenv/versions/1.9.3-p0/lib/ruby/gems/1.9.1/bundler/gems/rails-cff8d1d24da1/actionpack/lib/action_dispatch/middleware/request_id.rb:22:in `call'
  rack (1.4.5) lib/rack/methodoverride.rb:21:in `call'
  rack (1.4.5) lib/rack/runtime.rb:17:in `call'
  /Users/dmitri/.rbenv/versions/1.9.3-p0/lib/ruby/gems/1.9.1/bundler/gems/rails-cff8d1d24da1/activesupport/lib/active_support/cache/strategy/local_cache.rb:72:in `call'
  rack (1.4.5) lib/rack/lock.rb:15:in `call'
  /Users/dmitri/.rbenv/versions/1.9.3-p0/lib/ruby/gems/1.9.1/bundler/gems/rails-cff8d1d24da1/actionpack/lib/action_dispatch/middleware/static.rb:63:in `call'
  /Users/dmitri/.rbenv/versions/1.9.3-p0/lib/ruby/gems/1.9.1/bundler/gems/rails-cff8d1d24da1/railties/lib/rails/engine.rb:484:in `call'
  /Users/dmitri/.rbenv/versions/1.9.3-p0/lib/ruby/gems/1.9.1/bundler/gems/rails-cff8d1d24da1/railties/lib/rails/application.rb:231:in `call'
  /Users/dmitri/.rbenv/versions/1.9.3-p0/lib/ruby/gems/1.9.1/bundler/gems/rails-cff8d1d24da1/railties/lib/rails/railtie/configurable.rb:30:in `method_missing'
  rack (1.4.5) lib/rack/lint.rb:48:in `_call'
  rack (1.4.5) lib/rack/lint.rb:36:in `call'
  rack (1.4.5) lib/rack/showexceptions.rb:24:in `call'
  rack (1.4.5) lib/rack/commonlogger.rb:33:in `call'
  rack (1.4.5) lib/rack/chunked.rb:43:in `call'
  rack (1.4.5) lib/rack/content_length.rb:14:in `call'
  unicorn (4.6.3) lib/unicorn/http_server.rb:552:in `process_client'
  unicorn (4.6.3) lib/unicorn/http_server.rb:632:in `worker_loop'
  unicorn (4.6.3) lib/unicorn/http_server.rb:500:in `spawn_missing_workers'
  unicorn (4.6.3) lib/unicorn/http_server.rb:142:in `start'
  unicorn (4.6.3) bin/unicorn:126:in `<top (required)>'
  /Users/dmitri/.rbenv/versions/1.9.3-p0/bin/unicorn:19:in `load'
  /Users/dmitri/.rbenv/versions/1.9.3-p0/bin/unicorn:19:in `<main>'


  Rendered /Users/dmitri/.rbenv/versions/1.9.3-p0/lib/ruby/gems/1.9.1/bundler/gems/rails-cff8d1d24da1/actionpack/lib/action_dispatch/middleware/templates/rescues/routing_error.erb within rescues/layout (1.6ms)


Started GET "/waitlists.json" for 127.0.0.1 at 2013-09-11 13:18:45 -0700

ActionController::RoutingError (No route matches [GET] "/waitlists.json"):
  /Users/dmitri/.rbenv/versions/1.9.3-p0/lib/ruby/gems/1.9.1/bundler/gems/rails-cff8d1d24da1/actionpack/lib/action_dispatch/middleware/debug_exceptions.rb:21:in `call'
  /Users/dmitri/.rbenv/versions/1.9.3-p0/lib/ruby/gems/1.9.1/bundler/gems/rails-cff8d1d24da1/actionpack/lib/action_dispatch/middleware/show_exceptions.rb:56:in `call'
  /Users/dmitri/.rbenv/versions/1.9.3-p0/lib/ruby/gems/1.9.1/bundler/gems/rails-cff8d1d24da1/railties/lib/rails/rack/logger.rb:32:in `call_app'
  /Users/dmitri/.rbenv/versions/1.9.3-p0/lib/ruby/gems/1.9.1/bundler/gems/rails-cff8d1d24da1/railties/lib/rails/rack/logger.rb:16:in `block in call'
  /Users/dmitri/.rbenv/versions/1.9.3-p0/lib/ruby/gems/1.9.1/bundler/gems/rails-cff8d1d24da1/activesupport/lib/active_support/tagged_logging.rb:22:in `tagged'
  /Users/dmitri/.rbenv/versions/1.9.3-p0/lib/ruby/gems/1.9.1/bundler/gems/rails-cff8d1d24da1/railties/lib/rails/rack/logger.rb:16:in `call'
  /Users/dmitri/.rbenv/versions/1.9.3-p0/lib/ruby/gems/1.9.1/bundler/gems/rails-cff8d1d24da1/actionpack/lib/action_dispatch/middleware/request_id.rb:22:in `call'
  rack (1.4.5) lib/rack/methodoverride.rb:21:in `call'
  rack (1.4.5) lib/rack/runtime.rb:17:in `call'
  /Users/dmitri/.rbenv/versions/1.9.3-p0/lib/ruby/gems/1.9.1/bundler/gems/rails-cff8d1d24da1/activesupport/lib/active_support/cache/strategy/local_cache.rb:72:in `call'
  rack (1.4.5) lib/rack/lock.rb:15:in `call'
  /Users/dmitri/.rbenv/versions/1.9.3-p0/lib/ruby/gems/1.9.1/bundler/gems/rails-cff8d1d24da1/actionpack/lib/action_dispatch/middleware/static.rb:63:in `call'
  /Users/dmitri/.rbenv/versions/1.9.3-p0/lib/ruby/gems/1.9.1/bundler/gems/rails-cff8d1d24da1/railties/lib/rails/engine.rb:484:in `call'
  /Users/dmitri/.rbenv/versions/1.9.3-p0/lib/ruby/gems/1.9.1/bundler/gems/rails-cff8d1d24da1/railties/lib/rails/application.rb:231:in `call'
  /Users/dmitri/.rbenv/versions/1.9.3-p0/lib/ruby/gems/1.9.1/bundler/gems/rails-cff8d1d24da1/railties/lib/rails/railtie/configurable.rb:30:in `method_missing'
  rack (1.4.5) lib/rack/lint.rb:48:in `_call'
  rack (1.4.5) lib/rack/lint.rb:36:in `call'
  rack (1.4.5) lib/rack/showexceptions.rb:24:in `call'
  rack (1.4.5) lib/rack/commonlogger.rb:33:in `call'
  rack (1.4.5) lib/rack/chunked.rb:43:in `call'
  rack (1.4.5) lib/rack/content_length.rb:14:in `call'
  unicorn (4.6.3) lib/unicorn/http_server.rb:552:in `process_client'
  unicorn (4.6.3) lib/unicorn/http_server.rb:632:in `worker_loop'
  unicorn (4.6.3) lib/unicorn/http_server.rb:500:in `spawn_missing_workers'
  unicorn (4.6.3) lib/unicorn/http_server.rb:142:in `start'
  unicorn (4.6.3) bin/unicorn:126:in `<top (required)>'
  /Users/dmitri/.rbenv/versions/1.9.3-p0/bin/unicorn:19:in `load'
  /Users/dmitri/.rbenv/versions/1.9.3-p0/bin/unicorn:19:in `<main>'


  Rendered /Users/dmitri/.rbenv/versions/1.9.3-p0/lib/ruby/gems/1.9.1/bundler/gems/rails-cff8d1d24da1/actionpack/lib/action_dispatch/middleware/templates/rescues/routing_error.erb within rescues/layout (0.6ms)


Started GET "/waitlists.json" for 127.0.0.1 at 2013-09-11 13:19:17 -0700

ActionController::RoutingError (No route matches [GET] "/waitlists.json"):
  /Users/dmitri/.rbenv/versions/1.9.3-p0/lib/ruby/gems/1.9.1/bundler/gems/rails-cff8d1d24da1/actionpack/lib/action_dispatch/middleware/debug_exceptions.rb:21:in `call'
  /Users/dmitri/.rbenv/versions/1.9.3-p0/lib/ruby/gems/1.9.1/bundler/gems/rails-cff8d1d24da1/actionpack/lib/action_dispatch/middleware/show_exceptions.rb:56:in `call'
  /Users/dmitri/.rbenv/versions/1.9.3-p0/lib/ruby/gems/1.9.1/bundler/gems/rails-cff8d1d24da1/railties/lib/rails/rack/logger.rb:32:in `call_app'
  /Users/dmitri/.rbenv/versions/1.9.3-p0/lib/ruby/gems/1.9.1/bundler/gems/rails-cff8d1d24da1/railties/lib/rails/rack/logger.rb:16:in `block in call'
  /Users/dmitri/.rbenv/versions/1.9.3-p0/lib/ruby/gems/1.9.1/bundler/gems/rails-cff8d1d24da1/activesupport/lib/active_support/tagged_logging.rb:22:in `tagged'
  /Users/dmitri/.rbenv/versions/1.9.3-p0/lib/ruby/gems/1.9.1/bundler/gems/rails-cff8d1d24da1/railties/lib/rails/rack/logger.rb:16:in `call'
  /Users/dmitri/.rbenv/versions/1.9.3-p0/lib/ruby/gems/1.9.1/bundler/gems/rails-cff8d1d24da1/actionpack/lib/action_dispatch/middleware/request_id.rb:22:in `call'
  rack (1.4.5) lib/rack/methodoverride.rb:21:in `call'
  rack (1.4.5) lib/rack/runtime.rb:17:in `call'
  /Users/dmitri/.rbenv/versions/1.9.3-p0/lib/ruby/gems/1.9.1/bundler/gems/rails-cff8d1d24da1/activesupport/lib/active_support/cache/strategy/local_cache.rb:72:in `call'
  rack (1.4.5) lib/rack/lock.rb:15:in `call'
  /Users/dmitri/.rbenv/versions/1.9.3-p0/lib/ruby/gems/1.9.1/bundler/gems/rails-cff8d1d24da1/actionpack/lib/action_dispatch/middleware/static.rb:63:in `call'
  /Users/dmitri/.rbenv/versions/1.9.3-p0/lib/ruby/gems/1.9.1/bundler/gems/rails-cff8d1d24da1/railties/lib/rails/engine.rb:484:in `call'
  /Users/dmitri/.rbenv/versions/1.9.3-p0/lib/ruby/gems/1.9.1/bundler/gems/rails-cff8d1d24da1/railties/lib/rails/application.rb:231:in `call'
  /Users/dmitri/.rbenv/versions/1.9.3-p0/lib/ruby/gems/1.9.1/bundler/gems/rails-cff8d1d24da1/railties/lib/rails/railtie/configurable.rb:30:in `method_missing'
  rack (1.4.5) lib/rack/lint.rb:48:in `_call'
  rack (1.4.5) lib/rack/lint.rb:36:in `call'
  rack (1.4.5) lib/rack/showexceptions.rb:24:in `call'
  rack (1.4.5) lib/rack/commonlogger.rb:33:in `call'
  rack (1.4.5) lib/rack/chunked.rb:43:in `call'
  rack (1.4.5) lib/rack/content_length.rb:14:in `call'
  unicorn (4.6.3) lib/unicorn/http_server.rb:552:in `process_client'
  unicorn (4.6.3) lib/unicorn/http_server.rb:632:in `worker_loop'
  unicorn (4.6.3) lib/unicorn/http_server.rb:500:in `spawn_missing_workers'
  unicorn (4.6.3) lib/unicorn/http_server.rb:142:in `start'
  unicorn (4.6.3) bin/unicorn:126:in `<top (required)>'
  /Users/dmitri/.rbenv/versions/1.9.3-p0/bin/unicorn:19:in `load'
  /Users/dmitri/.rbenv/versions/1.9.3-p0/bin/unicorn:19:in `<main>'


  Rendered /Users/dmitri/.rbenv/versions/1.9.3-p0/lib/ruby/gems/1.9.1/bundler/gems/rails-cff8d1d24da1/actionpack/lib/action_dispatch/middleware/templates/rescues/routing_error.erb within rescues/layout (0.5ms)


Started GET "/waitlists.json" for 127.0.0.1 at 2013-09-11 13:19:27 -0700

ActionController::RoutingError (No route matches [GET] "/waitlists.json"):
  /Users/dmitri/.rbenv/versions/1.9.3-p0/lib/ruby/gems/1.9.1/bundler/gems/rails-cff8d1d24da1/actionpack/lib/action_dispatch/middleware/debug_exceptions.rb:21:in `call'
  /Users/dmitri/.rbenv/versions/1.9.3-p0/lib/ruby/gems/1.9.1/bundler/gems/rails-cff8d1d24da1/actionpack/lib/action_dispatch/middleware/show_exceptions.rb:56:in `call'
  /Users/dmitri/.rbenv/versions/1.9.3-p0/lib/ruby/gems/1.9.1/bundler/gems/rails-cff8d1d24da1/railties/lib/rails/rack/logger.rb:32:in `call_app'
  /Users/dmitri/.rbenv/versions/1.9.3-p0/lib/ruby/gems/1.9.1/bundler/gems/rails-cff8d1d24da1/railties/lib/rails/rack/logger.rb:16:in `block in call'
  /Users/dmitri/.rbenv/versions/1.9.3-p0/lib/ruby/gems/1.9.1/bundler/gems/rails-cff8d1d24da1/activesupport/lib/active_support/tagged_logging.rb:22:in `tagged'
  /Users/dmitri/.rbenv/versions/1.9.3-p0/lib/ruby/gems/1.9.1/bundler/gems/rails-cff8d1d24da1/railties/lib/rails/rack/logger.rb:16:in `call'
  /Users/dmitri/.rbenv/versions/1.9.3-p0/lib/ruby/gems/1.9.1/bundler/gems/rails-cff8d1d24da1/actionpack/lib/action_dispatch/middleware/request_id.rb:22:in `call'
  rack (1.4.5) lib/rack/methodoverride.rb:21:in `call'
  rack (1.4.5) lib/rack/runtime.rb:17:in `call'
  /Users/dmitri/.rbenv/versions/1.9.3-p0/lib/ruby/gems/1.9.1/bundler/gems/rails-cff8d1d24da1/activesupport/lib/active_support/cache/strategy/local_cache.rb:72:in `call'
  rack (1.4.5) lib/rack/lock.rb:15:in `call'
  /Users/dmitri/.rbenv/versions/1.9.3-p0/lib/ruby/gems/1.9.1/bundler/gems/rails-cff8d1d24da1/actionpack/lib/action_dispatch/middleware/static.rb:63:in `call'
  /Users/dmitri/.rbenv/versions/1.9.3-p0/lib/ruby/gems/1.9.1/bundler/gems/rails-cff8d1d24da1/railties/lib/rails/engine.rb:484:in `call'
  /Users/dmitri/.rbenv/versions/1.9.3-p0/lib/ruby/gems/1.9.1/bundler/gems/rails-cff8d1d24da1/railties/lib/rails/application.rb:231:in `call'
  /Users/dmitri/.rbenv/versions/1.9.3-p0/lib/ruby/gems/1.9.1/bundler/gems/rails-cff8d1d24da1/railties/lib/rails/railtie/configurable.rb:30:in `method_missing'
  rack (1.4.5) lib/rack/lint.rb:48:in `_call'
  rack (1.4.5) lib/rack/lint.rb:36:in `call'
  rack (1.4.5) lib/rack/showexceptions.rb:24:in `call'
  rack (1.4.5) lib/rack/commonlogger.rb:33:in `call'
  rack (1.4.5) lib/rack/chunked.rb:43:in `call'
  rack (1.4.5) lib/rack/content_length.rb:14:in `call'
  unicorn (4.6.3) lib/unicorn/http_server.rb:552:in `process_client'
  unicorn (4.6.3) lib/unicorn/http_server.rb:632:in `worker_loop'
  unicorn (4.6.3) lib/unicorn/http_server.rb:500:in `spawn_missing_workers'
  unicorn (4.6.3) lib/unicorn/http_server.rb:142:in `start'
  unicorn (4.6.3) bin/unicorn:126:in `<top (required)>'
  /Users/dmitri/.rbenv/versions/1.9.3-p0/bin/unicorn:19:in `load'
  /Users/dmitri/.rbenv/versions/1.9.3-p0/bin/unicorn:19:in `<main>'


  Rendered /Users/dmitri/.rbenv/versions/1.9.3-p0/lib/ruby/gems/1.9.1/bundler/gems/rails-cff8d1d24da1/actionpack/lib/action_dispatch/middleware/templates/rescues/routing_error.erb within rescues/layout (0.5ms)


Started GET "/properties.json?credit_regulation=true" for 127.0.0.1 at 2013-09-11 13:58:37 -0700
Processing by PropertiesController#index as JSON
  Parameters: {"credit_regulation"=>"true"}
  [1m[36mProperty Load (0.1ms)[0m  [1mSELECT "properties".* FROM "properties" [0m
Completed 200 OK in 2ms (Views: 0.7ms | ActiveRecord: 0.1ms)


Started GET "/properties.json?credit_regulation=true&rental_history_regulation=false" for 127.0.0.1 at 2013-09-11 13:59:04 -0700
Processing by PropertiesController#index as JSON
  Parameters: {"credit_regulation"=>"true", "rental_history_regulation"=>"false"}
  [1m[35mProperty Load (0.1ms)[0m  SELECT "properties".* FROM "properties" 
Completed 200 OK in 1ms (Views: 0.7ms | ActiveRecord: 0.1ms)
